<?xml version="1.0" encoding="utf-8"?>
<testsuites>
<testsuite package="org.eslint" time="0" tests="1" errors="1" name="/Users/macbook/Documents/Evelyn/git/youbet/assets/scripts/glide.js">
<testcase time="0" name="org.eslint.no-console" classname="/Users/macbook/Documents/Evelyn/git/youbet/assets/scripts/glide"><failure message="Unexpected console statement."><![CDATA[line 6, col 3, Warning - Unexpected console statement. (no-console)]]></failure></testcase>
</testsuite>
<testsuite package="org.eslint" time="0" tests="1" errors="0" name="/Users/macbook/Documents/Evelyn/git/youbet/assets/scripts/index.js">
<testcase time="0" name="/Users/macbook/Documents/Evelyn/git/youbet/assets/scripts/index.js" classname="/Users/macbook/Documents/Evelyn/git/youbet/assets/scripts/index" />
</testsuite>
</testsuites>
